生成启动时间为 2016/1/31 18:06:59。
     1>项目“c:\Users\V1ll4n\documents\visual studio 2013\Projects\Vsniffer1\Vsniffer1\Vsniffer1.vcxproj”在节点 2 上(Build 个目标)。
     1>ClCompile:
         C:\Program Files (x86)\Microsoft Visual Studio 12.0\VC\bin\CL.exe /c /ZI /nologo /W3 /WX- /sdl /Od /Oy- /D WIN32 /D _WINDOWS /D _DEBUG /D _UNICODE /D UNICODE /D _AFXDLL /Gm /EHsc /RTC1 /MDd /GS /fp:precise /Zc:wchar_t /Zc:forScope /Fo"Debug\\" /Fd"Debug\vc120.pdb" /Gd /TP /analyze- /errorReport:prompt Dumper.cpp
         Dumper.cpp
     1>c:\users\v1ll4n\documents\visual studio 2013\projects\vsniffer1\vsniffer1\handle_pky.h(39): warning C4065: switch 语句包含“default”但是未包含“case”标签
     1>c:\users\v1ll4n\documents\visual studio 2013\projects\vsniffer1\vsniffer1\dumper.cpp(72): warning C4715: “Dumper::init”: 不是所有的控件路径都返回值
     1>c:\users\v1ll4n\documents\visual studio 2013\projects\vsniffer1\vsniffer1\dumper.cpp(363): warning C4715: “Dumper::setFilter”: 不是所有的控件路径都返回值
     1>c:\users\v1ll4n\documents\visual studio 2013\projects\vsniffer1\vsniffer1\dumper.cpp(302): warning C4715: “Dumper::startCapture”: 不是所有的控件路径都返回值
       Link:
         C:\Program Files (x86)\Microsoft Visual Studio 12.0\VC\bin\link.exe /ERRORREPORT:PROMPT /OUT:"c:\users\v1ll4n\documents\visual studio 2013\Projects\Vsniffer1\Debug\Vsniffer1.exe" /INCREMENTAL /NOLOGO /MANIFEST /MANIFESTUAC:"level='asInvoker' uiAccess='false'" /manifest:embed /manifestinput:"C:\Program Files (x86)\Microsoft Visual Studio 12.0\VC\Include\Manifest\dpiaware.manifest" /DEBUG /PDB:"c:\users\v1ll4n\documents\visual studio 2013\Projects\Vsniffer1\Debug\Vsniffer1.pdb" /SUBSYSTEM:WINDOWS /TLBID:1 /ENTRY:"wWinMainCRTStartup" /DYNAMICBASE /NXCOMPAT /IMPLIB:"c:\users\v1ll4n\documents\visual studio 2013\Projects\Vsniffer1\Debug\Vsniffer1.lib" /MACHINE:X86 Debug\Vsniffer1.res
         Debug\DeviceOp.obj
         Debug\Dumper.obj
         Debug\Filter.obj
         Debug\pkt_struct.obj
         Debug\stdafx.obj
         Debug\Vsniffer1.obj
         Debug\Vsniffer1Dlg.obj
         Vsniffer1.vcxproj -> c:\users\v1ll4n\documents\visual studio 2013\Projects\Vsniffer1\Debug\Vsniffer1.exe
     1>已完成生成项目“c:\Users\V1ll4n\documents\visual studio 2013\Projects\Vsniffer1\Vsniffer1\Vsniffer1.vcxproj”(Build 个目标)的操作。

生成成功。

已用时间 00:00:00.95
